# JRE version: OpenJDK Runtime Environment Temurin-21.0.10+7 (21.0.10+7) (build 21.0.10+7-LTS)
# Java VM: OpenJDK 64-Bit Server VM Temurin-21.0.10+7 (21.0.10+7-LTS, mixed mode, sharing, tiered, compressed oops, compressed class ptrs, parallel gc, windows-amd64)
GC Precious Log:
 CardTable entry size: 512
 CPUs: 4 total, 4 available
 Memory: 3877M
 Large Page Support: Disabled
 NUMA Support: Disabled
 Compressed Oops: Enabled (32-bit)
 Alignments: Space 512K, Generation 512K, Heap 2M
 Heap Min Capacity: 100M
 Heap Initial Capacity: 100M
 Heap Max Capacity: 2G
 Pre-touch: Disabled
 Parallel Workers: 4
Heap:
 PSYoungGen      total 11776K, used 6819K [0x00000000d5580000, 0x00000000d6500000, 0x0000000100000000)
  eden space 10752K, 54% used [0x00000000d5580000,0x00000000d5b3fbf0,0x00000000d6000000)
  from space 1024K, 91% used [0x00000000d6400000,0x00000000d64e9320,0x00000000d6500000)
  to   space 2048K, 0% used [0x00000000d6100000,0x00000000d6100000,0x00000000d6300000)
 ParOldGen       total 70656K, used 70204K [0x0000000080000000, 0x0000000084500000, 0x00000000d5580000)
  object space 70656K, 99% used [0x0000000080000000,0x000000008448f3c0,0x0000000084500000)
 Metaspace       used 69056K, committed 70592K, reserved 1114112K
  class space    used 7138K, committed 7808K, reserved 1048576K
GC Heap History (20 events):
Event: 1591.158 GC heap before
{Heap before GC invocations=70 (full 3):
 PSYoungGen      total 12800K, used 12771K [0x00000000d5580000, 0x00000000d6380000, 0x0000000100000000)
  eden space 12288K, 100% used [0x00000000d5580000,0x00000000d6180000,0x00000000d6180000)
  from space 512K, 94% used [0x00000000d6300000,0x00000000d6378f18,0x00000000d6380000)
  to   space 1024K, 0% used [0x00000000d6180000,0x00000000d6180000,0x00000000d6280000)
 ParOldGen       total 68608K, used 61786K [0x0000000080000000, 0x0000000084300000, 0x00000000d5580000)
  object space 68608K, 90% used [0x0000000080000000,0x0000000083c56980,0x0000000084300000)
 Metaspace       used 68777K, committed 70272K, reserved 1114112K
  class space    used 7129K, committed 7744K, reserved 1048576K
}
Event: 1593.000 GC heap after
{Heap after GC invocations=70 (full 3):
 PSYoungGen      total 13312K, used 994K [0x00000000d5580000, 0x00000000d6a80000, 0x0000000100000000)
  eden space 12288K, 0% used [0x00000000d5580000,0x00000000d5580000,0x00000000d6180000)
  from space 1024K, 97% used [0x00000000d6180000,0x00000000d6278ae0,0x00000000d6280000)
  to   space 4608K, 0% used [0x00000000d6600000,0x00000000d6600000,0x00000000d6a80000)
 ParOldGen       total 68608K, used 64621K [0x0000000080000000, 0x0000000084300000, 0x00000000d5580000)
  object space 68608K, 94% used [0x0000000080000000,0x0000000083f1b600,0x0000000084300000)
 Metaspace       used 68777K, committed 70272K, reserved 1114112K
  class space    used 7129K, committed 7744K, reserved 1048576K
}
Event: 1599.018 GC heap before
{Heap before GC invocations=71 (full 3):
 PSYoungGen      total 13312K, used 13282K [0x00000000d5580000, 0x00000000d6a80000, 0x0000000100000000)
  eden space 12288K, 100% used [0x00000000d5580000,0x00000000d6180000,0x00000000d6180000)
  from space 1024K, 97% used [0x00000000d6180000,0x00000000d6278ae0,0x00000000d6280000)
  to   space 4608K, 0% used [0x00000000d6600000,0x00000000d6600000,0x00000000d6a80000)
 ParOldGen       total 68608K, used 64621K [0x0000000080000000, 0x0000000084300000, 0x00000000d5580000)
  object space 68608K, 94% used [0x0000000080000000,0x0000000083f1b600,0x0000000084300000)
 Metaspace       used 68828K, committed 70336K, reserved 1114112K
  class space    used 7132K, committed 7744K, reserved 1048576K
}
Event: 1599.024 GC heap after
{Heap after GC invocations=71 (full 3):
 PSYoungGen      total 12800K, used 128K [0x00000000d5580000, 0x00000000d6680000, 0x0000000100000000)
  eden space 12288K, 0% used [0x00000000d5580000,0x00000000d5580000,0x00000000d6180000)
  from space 512K, 25% used [0x00000000d6600000,0x00000000d6620000,0x00000000d6680000)
  to   space 1536K, 0% used [0x00000000d6380000,0x00000000d6380000,0x00000000d6500000)
 ParOldGen       total 68608K, used 64719K [0x0000000080000000, 0x0000000084300000, 0x00000000d5580000)
  object space 68608K, 94% used [0x0000000080000000,0x0000000083f33ee0,0x0000000084300000)
 Metaspace       used 68828K, committed 70336K, reserved 1114112K
  class space    used 7132K, committed 7744K, reserved 1048576K
}
Event: 1599.656 GC heap before
{Heap before GC invocations=72 (full 3):
 PSYoungGen      total 12800K, used 12416K [0x00000000d5580000, 0x00000000d6680000, 0x0000000100000000)
  eden space 12288K, 100% used [0x00000000d5580000,0x00000000d6180000,0x00000000d6180000)
  from space 512K, 25% used [0x00000000d6600000,0x00000000d6620000,0x00000000d6680000)
  to   space 1536K, 0% used [0x00000000d6380000,0x00000000d6380000,0x00000000d6500000)
 ParOldGen       total 68608K, used 64719K [0x0000000080000000, 0x0000000084300000, 0x00000000d5580000)
  object space 68608K, 94% used [0x0000000080000000,0x0000000083f33ee0,0x0000000084300000)
 Metaspace       used 68915K, committed 70464K, reserved 1114112K
  class space    used 7132K, committed 7744K, reserved 1048576K
}
Event: 1599.658 GC heap after
{Heap after GC invocations=72 (full 3):
 PSYoungGen      total 13824K, used 1418K [0x00000000d5580000, 0x00000000d6680000, 0x0000000100000000)
  eden space 12288K, 0% used [0x00000000d5580000,0x00000000d5580000,0x00000000d6180000)
  from space 1536K, 92% used [0x00000000d6380000,0x00000000d64e2ba0,0x00000000d6500000)
  to   space 1536K, 0% used [0x00000000d6500000,0x00000000d6500000,0x00000000d6680000)
 ParOldGen       total 68608K, used 64759K [0x0000000080000000, 0x0000000084300000, 0x00000000d5580000)
  object space 68608K, 94% used [0x0000000080000000,0x0000000083f3dee0,0x0000000084300000)
 Metaspace       used 68915K, committed 70464K, reserved 1114112K
  class space    used 7132K, committed 7744K, reserved 1048576K
}
Event: 1599.691 GC heap before
{Heap before GC invocations=73 (full 3):
 PSYoungGen      total 13824K, used 13706K [0x00000000d5580000, 0x00000000d6680000, 0x0000000100000000)
  eden space 12288K, 100% used [0x00000000d5580000,0x00000000d6180000,0x00000000d6180000)
  from space 1536K, 92% used [0x00000000d6380000,0x00000000d64e2ba0,0x00000000d6500000)
  to   space 1536K, 0% used [0x00000000d6500000,0x00000000d6500000,0x00000000d6680000)
 ParOldGen       total 68608K, used 64759K [0x0000000080000000, 0x0000000084300000, 0x00000000d5580000)
  object space 68608K, 94% used [0x0000000080000000,0x0000000083f3dee0,0x0000000084300000)
 Metaspace       used 68918K, committed 70464K, reserved 1114112K
  class space    used 7132K, committed 7744K, reserved 1048576K
}
Event: 1599.694 GC heap after
{Heap after GC invocations=73 (full 3):
 PSYoungGen      total 12288K, used 1525K [0x00000000d5580000, 0x00000000d6b80000, 0x0000000100000000)
  eden space 10752K, 0% used [0x00000000d5580000,0x00000000d5580000,0x00000000d6000000)
  from space 1536K, 99% used [0x00000000d6500000,0x00000000d667d480,0x00000000d6680000)
  to   space 5120K, 0% used [0x00000000d6000000,0x00000000d6000000,0x00000000d6500000)
 ParOldGen       total 68608K, used 67359K [0x0000000080000000, 0x0000000084300000, 0x00000000d5580000)
  object space 68608K, 98% used [0x0000000080000000,0x00000000841c7ee0,0x0000000084300000)
 Metaspace       used 68918K, committed 70464K, reserved 1114112K
  class space    used 7132K, committed 7744K, reserved 1048576K
}
Event: 1600.150 GC heap before
{Heap before GC invocations=74 (full 3):
 PSYoungGen      total 12288K, used 12265K [0x00000000d5580000, 0x00000000d6b80000, 0x0000000100000000)
  eden space 10752K, 99% used [0x00000000d5580000,0x00000000d5ffd0d8,0x00000000d6000000)
  from space 1536K, 99% used [0x00000000d6500000,0x00000000d667d480,0x00000000d6680000)
  to   space 5120K, 0% used [0x00000000d6000000,0x00000000d6000000,0x00000000d6500000)
 ParOldGen       total 68608K, used 67359K [0x0000000080000000, 0x0000000084300000, 0x00000000d5580000)
  object space 68608K, 98% used [0x0000000080000000,0x00000000841c7ee0,0x0000000084300000)
 Metaspace       used 68924K, committed 70464K, reserved 1114112K
  class space    used 7132K, committed 7744K, reserved 1048576K
}
Event: 1600.152 GC heap after
{Heap after GC invocations=74 (full 3):
 PSYoungGen      total 11264K, used 276K [0x00000000d5580000, 0x00000000d6580000, 0x0000000100000000)
  eden space 10752K, 0% used [0x00000000d5580000,0x00000000d5580000,0x00000000d6000000)
  from space 512K, 53% used [0x00000000d6000000,0x00000000d60451c0,0x00000000d6080000)
  to   space 2048K, 0% used [0x00000000d6380000,0x00000000d6380000,0x00000000d6580000)
 ParOldGen       total 68608K, used 67367K [0x0000000080000000, 0x0000000084300000, 0x00000000d5580000)
  object space 68608K, 98% used [0x0000000080000000,0x00000000841c9ee0,0x0000000084300000)
 Metaspace       used 68924K, committed 70464K, reserved 1114112K
  class space    used 7132K, committed 7744K, reserved 1048576K
}
Event: 1601.517 GC heap before
{Heap before GC invocations=75 (full 3):
 PSYoungGen      total 11264K, used 11028K [0x00000000d5580000, 0x00000000d6580000, 0x0000000100000000)
  eden space 10752K, 100% used [0x00000000d5580000,0x00000000d6000000,0x00000000d6000000)
  from space 512K, 53% used [0x00000000d6000000,0x00000000d60451c0,0x00000000d6080000)
  to   space 2048K, 0% used [0x00000000d6380000,0x00000000d6380000,0x00000000d6580000)
 ParOldGen       total 68608K, used 67367K [0x0000000080000000, 0x0000000084300000, 0x00000000d5580000)
  object space 68608K, 98% used [0x0000000080000000,0x00000000841c9ee0,0x0000000084300000)
 Metaspace       used 68934K, committed 70464K, reserved 1114112K
  class space    used 7132K, committed 7744K, reserved 1048576K
}
Event: 1601.521 GC heap after
{Heap after GC invocations=75 (full 3):
 PSYoungGen      total 11264K, used 340K [0x00000000d5580000, 0x00000000d6400000, 0x0000000100000000)
  eden space 10752K, 0% used [0x00000000d5580000,0x00000000d5580000,0x00000000d6000000)
  from space 512K, 66% used [0x00000000d6380000,0x00000000d63d51c0,0x00000000d6400000)
  to   space 1024K, 0% used [0x00000000d6200000,0x00000000d6200000,0x00000000d6300000)
 ParOldGen       total 68608K, used 67383K [0x0000000080000000, 0x0000000084300000, 0x00000000d5580000)
  object space 68608K, 98% used [0x0000000080000000,0x00000000841cdee0,0x0000000084300000)
 Metaspace       used 68934K, committed 70464K, reserved 1114112K
  class space    used 7132K, committed 7744K, reserved 1048576K
}
Event: 1601.981 GC heap before
{Heap before GC invocations=76 (full 3):
 PSYoungGen      total 11264K, used 11092K [0x00000000d5580000, 0x00000000d6400000, 0x0000000100000000)
  eden space 10752K, 100% used [0x00000000d5580000,0x00000000d6000000,0x00000000d6000000)
  from space 512K, 66% used [0x00000000d6380000,0x00000000d63d51c0,0x00000000d6400000)
  to   space 1024K, 0% used [0x00000000d6200000,0x00000000d6200000,0x00000000d6300000)
 ParOldGen       total 68608K, used 67383K [0x0000000080000000, 0x0000000084300000, 0x00000000d5580000)
  object space 68608K, 98% used [0x0000000080000000,0x00000000841cdee0,0x0000000084300000)
 Metaspace       used 68981K, committed 70464K, reserved 1114112K
  class space    used 7132K, committed 7744K, reserved 1048576K
}
Event: 1601.983 GC heap after
{Heap after GC invocations=76 (full 3):
 PSYoungGen      total 11776K, used 340K [0x00000000d5580000, 0x00000000d6400000, 0x0000000100000000)
  eden space 10752K, 0% used [0x00000000d5580000,0x00000000d5580000,0x00000000d6000000)
  from space 1024K, 33% used [0x00000000d6200000,0x00000000d62551c0,0x00000000d6300000)
  to   space 512K, 0% used [0x00000000d6380000,0x00000000d6380000,0x00000000d6400000)
 ParOldGen       total 68608K, used 67399K [0x0000000080000000, 0x0000000084300000, 0x00000000d5580000)
  object space 68608K, 98% used [0x0000000080000000,0x00000000841d1ee0,0x0000000084300000)
 Metaspace       used 68981K, committed 70464K, reserved 1114112K
  class space    used 7132K, committed 7744K, reserved 1048576K
}
Event: 1603.847 GC heap before
{Heap before GC invocations=77 (full 3):
 PSYoungGen      total 11776K, used 11092K [0x00000000d5580000, 0x00000000d6400000, 0x0000000100000000)
  eden space 10752K, 100% used [0x00000000d5580000,0x00000000d6000000,0x00000000d6000000)
  from space 1024K, 33% used [0x00000000d6200000,0x00000000d62551c0,0x00000000d6300000)
  to   space 512K, 0% used [0x00000000d6380000,0x00000000d6380000,0x00000000d6400000)
 ParOldGen       total 68608K, used 67399K [0x0000000080000000, 0x0000000084300000, 0x00000000d5580000)
  object space 68608K, 98% used [0x0000000080000000,0x00000000841d1ee0,0x0000000084300000)
 Metaspace       used 69016K, committed 70592K, reserved 1114112K
  class space    used 7136K, committed 7808K, reserved 1048576K
}
Event: 1603.850 GC heap after
{Heap after GC invocations=77 (full 3):
 PSYoungGen      total 11264K, used 502K [0x00000000d5580000, 0x00000000d6600000, 0x0000000100000000)
  eden space 10752K, 0% used [0x00000000d5580000,0x00000000d5580000,0x00000000d6000000)
  from space 512K, 98% used [0x00000000d6380000,0x00000000d63fd9e0,0x00000000d6400000)
  to   space 3072K, 0% used [0x00000000d6000000,0x00000000d6000000,0x00000000d6300000)
 ParOldGen       total 69632K, used 69526K [0x0000000080000000, 0x0000000084400000, 0x00000000d5580000)
  object space 69632K, 99% used [0x0000000080000000,0x00000000843e5980,0x0000000084400000)
 Metaspace       used 69016K, committed 70592K, reserved 1114112K
  class space    used 7136K, committed 7808K, reserved 1048576K
}
Event: 1603.881 GC heap before
{Heap before GC invocations=78 (full 3):
 PSYoungGen      total 11264K, used 11254K [0x00000000d5580000, 0x00000000d6600000, 0x0000000100000000)
  eden space 10752K, 100% used [0x00000000d5580000,0x00000000d6000000,0x00000000d6000000)
  from space 512K, 98% used [0x00000000d6380000,0x00000000d63fd9e0,0x00000000d6400000)
  to   space 3072K, 0% used [0x00000000d6000000,0x00000000d6000000,0x00000000d6300000)
 ParOldGen       total 69632K, used 69526K [0x0000000080000000, 0x0000000084400000, 0x00000000d5580000)
  object space 69632K, 99% used [0x0000000080000000,0x00000000843e5980,0x0000000084400000)
 Metaspace       used 69019K, committed 70592K, reserved 1114112K
  class space    used 7136K, committed 7808K, reserved 1048576K
}
Event: 1603.886 GC heap after
{Heap after GC invocations=78 (full 3):
 PSYoungGen      total 13824K, used 3061K [0x00000000d5580000, 0x00000000d6800000, 0x0000000100000000)
  eden space 10752K, 0% used [0x00000000d5580000,0x00000000d5580000,0x00000000d6000000)
  from space 3072K, 99% used [0x00000000d6000000,0x00000000d62fd480,0x00000000d6300000)
  to   space 4096K, 0% used [0x00000000d6400000,0x00000000d6400000,0x00000000d6800000)
 ParOldGen       total 70656K, used 70180K [0x0000000080000000, 0x0000000084500000, 0x00000000d5580000)
  object space 70656K, 99% used [0x0000000080000000,0x00000000844893c0,0x0000000084500000)
 Metaspace       used 69019K, committed 70592K, reserved 1114112K
  class space    used 7136K, committed 7808K, reserved 1048576K
}
Event: 1604.488 GC heap before
{Heap before GC invocations=79 (full 3):
 PSYoungGen      total 13824K, used 13754K [0x00000000d5580000, 0x00000000d6800000, 0x0000000100000000)
  eden space 10752K, 99% used [0x00000000d5580000,0x00000000d5ff1548,0x00000000d6000000)
  from space 3072K, 99% used [0x00000000d6000000,0x00000000d62fd480,0x00000000d6300000)
  to   space 4096K, 0% used [0x00000000d6400000,0x00000000d6400000,0x00000000d6800000)
 ParOldGen       total 70656K, used 70180K [0x0000000080000000, 0x0000000084500000, 0x00000000d5580000)
  object space 70656K, 99% used [0x0000000080000000,0x00000000844893c0,0x0000000084500000)
 Metaspace       used 69032K, committed 70592K, reserved 1114112K
  class space    used 7137K, committed 7808K, reserved 1048576K
}
Event: 1604.490 GC heap after
{Heap after GC invocations=79 (full 3):
 PSYoungGen      total 11776K, used 932K [0x00000000d5580000, 0x00000000d6500000, 0x0000000100000000)
  eden space 10752K, 0% used [0x00000000d5580000,0x00000000d5580000,0x00000000d6000000)
  from space 1024K, 91% used [0x00000000d6400000,0x00000000d64e9320,0x00000000d6500000)
  to   space 2048K, 0% used [0x00000000d6100000,0x00000000d6100000,0x00000000d6300000)
 ParOldGen       total 70656K, used 70204K [0x0000000080000000, 0x0000000084500000, 0x00000000d5580000)
  object space 70656K, 99% used [0x0000000080000000,0x000000008448f3c0,0x0000000084500000)
 Metaspace       used 69032K, committed 70592K, reserved 1114112K
  class space    used 7137K, committed 7808K, reserved 1048576K
}

